<?xml version="1.0" encoding="UTF-8"?>
<!-- Generated by org.testng.reporters.JUnitReportReporter -->
<testsuite skipped="1" hostname="elcot-PC" name="Week5Day1.DeleteLead" tests="1" failures="0" timestamp="29 Jul 2018 15:41:47 GMT" time="0.000" errors="0">
  <testcase name="deleteLead" time="0.000" classname="Week5Day1.DeleteLead">
    <skipped/>
  </testcase> <!-- deleteLead -->
</testsuite> <!-- Week5Day1.DeleteLead -->
