<?xml version="1.0" encoding="UTF-8"?>
<!-- Generated by org.testng.reporters.JUnitReportReporter -->
<testsuite skipped="0" hostname="elcot-PC" name="Week5Day2.CreateLead" tests="3" failures="0" timestamp="22 Jul 2018 04:38:58 GMT" time="79.071" errors="0">
  <testcase name="createLead" time="26.202" classname="Week5Day2.CreateLead"/>
  <testcase name="createLead" time="24.875" classname="Week5Day2.CreateLead"/>
  <testcase name="createLead" time="27.994" classname="Week5Day2.CreateLead"/>
</testsuite> <!-- Week5Day2.CreateLead -->
