<?xml version="1.0" encoding="UTF-8"?>
<!-- Generated by org.testng.reporters.JUnitReportReporter -->
<testsuite skipped="0" hostname="elcot-PC" name="ProjectMedium.Flipkart" tests="1" failures="0" timestamp="21 Jul 2018 14:04:11 GMT" time="19.110" errors="1">
  <testcase name="flipkart" time="19.110" classname="ProjectMedium.Flipkart">
    <error type="java.lang.NullPointerException">
      <![CDATA[java.lang.NullPointerException
at wdMethods.SeMethods.takeSnap(SeMethods.java:339)
at wdMethods.SeMethods.startApp(SeMethods.java:55)
at ProjectMedium.Flipkart.flipkart(Flipkart.java:12)
at sun.reflect.NativeMethodAccessorImpl.invoke0(Native Method)
at sun.reflect.NativeMethodAccessorImpl.invoke(Unknown Source)
at sun.reflect.DelegatingMethodAccessorImpl.invoke(Unknown Source)
at java.lang.reflect.Method.invoke(Unknown Source)
at org.testng.internal.MethodInvocationHelper.invokeMethod(MethodInvocationHelper.java:124)
at org.testng.internal.Invoker.invokeMethod(Invoker.java:583)
at org.testng.internal.Invoker.invokeTestMethod(Invoker.java:719)
at org.testng.internal.Invoker.invokeTestMethods(Invoker.java:989)
at org.testng.internal.TestMethodWorker.invokeTestMethods(TestMethodWorker.java:125)
at org.testng.internal.TestMethodWorker.run(TestMethodWorker.java:109)
at java.util.concurrent.ThreadPoolExecutor.runWorker(Unknown Source)
at java.util.concurrent.ThreadPoolExecutor$Worker.run(Unknown Source)
at java.lang.Thread.run(Unknown Source)
]]>
    </error>
  </testcase> <!-- flipkart -->
</testsuite> <!-- ProjectMedium.Flipkart -->
